<?xml version="1.0" encoding="UTF-8"?>
<!-- Generated by org.testng.reporters.JUnitReportReporter -->
<testsuite hostname="DESKTOP-79FQPHF" failures="0" tests="1" name="Sign_up.Testsignup" time="8.420" errors="0" timestamp="2024-05-05T15:05:50 IST" skipped="0">
  <testcase classname="Sign_up.Testsignup" name="reg" time="8.420"/>
</testsuite> <!-- Sign_up.Testsignup -->
