<?xml version="1.0" encoding="UTF-8"?>
<!-- Generated by org.testng.reporters.JUnitReportReporter -->
<testsuite hostname="DESKTOP-79FQPHF" failures="0" tests="1" name="Log_in.LoginTest" time="7.157" errors="0" timestamp="2024-05-05T15:06:50 IST" skipped="0">
  <testcase classname="Log_in.LoginTest" name="test" time="7.157"/>
</testsuite> <!-- Log_in.LoginTest -->
